0 verbose cli /usr/local/bin/node /usr/local/bin/npm
1 info using npm@9.4.0
2 info using node@v19.6.1
3 timing npm:load:whichnode Completed in 1ms
4 timing config:load:defaults Completed in 1ms
5 timing config:load:file:/usr/local/lib/node_modules/npm/npmrc Completed in 1ms
6 timing config:load:builtin Completed in 2ms
7 timing config:load:cli Completed in 4ms
8 timing config:load:env Completed in 0ms
9 timing config:load:file:/usr/src/app/.npmrc Completed in 1ms
10 timing config:load:project Completed in 8ms
11 timing config:load:file:/root/.npmrc Completed in 2ms
12 timing config:load:user Completed in 3ms
13 timing config:load:file:/usr/local/etc/npmrc Completed in 0ms
14 timing config:load:global Completed in 0ms
15 timing config:load:setEnvs Completed in 1ms
16 timing config:load Completed in 19ms
17 timing npm:load:configload Completed in 19ms
18 timing npm:load:mkdirpcache Completed in 4ms
19 timing npm:load:mkdirplogs Completed in 6ms
20 verbose title npm run test:watch
21 verbose argv "run" "test:watch"
22 timing npm:load:setTitle Completed in 1ms
23 timing config:load:flatten Completed in 2ms
24 timing npm:load:display Completed in 3ms
25 verbose logfile logs-max:10 dir:/usr/src/app/.npm/_logs/2026-04-08T16_27_53_924Z-
26 verbose logfile /usr/src/app/.npm/_logs/2026-04-08T16_27_53_924Z-debug-0.log
27 timing npm:load:logFile Completed in 28ms
28 timing npm:load:timers Completed in 0ms
29 timing npm:load:configScope Completed in 0ms
30 timing npm:load Completed in 64ms
31 silly logfile done cleaning log files
32 timing command:run Completed in 18ms
33 verbose stack Error: Missing script: "test:watch"
33 verbose stack
33 verbose stack To see a list of scripts, run:
33 verbose stack   npm run
33 verbose stack     at RunScript.run (/usr/local/lib/node_modules/npm/lib/commands/run-script.js:99:13)
33 verbose stack     at async module.exports (/usr/local/lib/node_modules/npm/lib/cli.js:134:5)
34 verbose cwd /usr/src/app
35 verbose Linux 6.6.87.2-microsoft-standard-WSL2
36 verbose node v19.6.1
37 verbose npm  v9.4.0
38 error Missing script: "test:watch"
38 error
38 error To see a list of scripts, run:
38 error   npm run
39 verbose exit 1
40 timing npm Completed in 110ms
41 verbose code 1
42 error A complete log of this run can be found in:
42 error     /usr/src/app/.npm/_logs/2026-04-08T16_27_53_924Z-debug-0.log
